<?xml version="1.0" encoding="UTF-8"?>
<!-- Generated by org.testng.reporters.JUnitReportReporter -->
<testsuite hostname="lenovo-PC" name="com.lakala.bmcp.test.LoginPageTest" tests="1" failures="0" timestamp="17 Sep 2015 09:16:13 GMT" time="22.179" errors="0">
  <testcase name="login" time="22.179" classname="com.lakala.bmcp.test.LoginPageTest"/>
</testsuite> <!-- com.lakala.bmcp.test.LoginPageTest -->
